# JRE version: OpenJDK Runtime Environment (8.0_242-b01) (build 1.8.0_242-release-1644-b01)
# Java VM: OpenJDK 64-Bit Server VM (25.242-b01 mixed mode windows-amd64 compressed oops)
Heap:
 PSYoungGen      total 515584K, used 181006K [0x00000000d5580000, 0x0000000100000000, 0x0000000100000000)
  eden space 483840K, 37% used [0x00000000d5580000,0x00000000e06438f0,0x00000000f2e00000)
  from space 31744K, 0% used [0x00000000f2e00000,0x00000000f2e00000,0x00000000f4d00000)
  to   space 47616K, 0% used [0x00000000fd180000,0x00000000fd180000,0x0000000100000000)
 ParOldGen       total 208896K, used 95065K [0x0000000080000000, 0x000000008cc00000, 0x00000000d5580000)
  object space 208896K, 45% used [0x0000000080000000,0x0000000085cd6628,0x000000008cc00000)
 Metaspace       used 115965K, capacity 121052K, committed 121560K, reserved 1155072K
  class space    used 14694K, capacity 15645K, committed 15872K, reserved 1048576K
GC Heap History (10 events):
Event: 2658.037 GC heap before
{Heap before GC invocations=32 (full 5):
 PSYoungGen      total 517120K, used 517102K [0x00000000d5580000, 0x00000000fd700000, 0x0000000100000000)
  eden space 483840K, 100% used [0x00000000d5580000,0x00000000f2e00000,0x00000000f2e00000)
  from space 33280K, 99% used [0x00000000fb680000,0x00000000fd6fb8b8,0x00000000fd700000)
  to   space 31744K, 0% used [0x00000000f2e00000,0x00000000f2e00000,0x00000000f4d00000)
 ParOldGen       total 123392K, used 88742K [0x0000000080000000, 0x0000000087880000, 0x00000000d5580000)
  object space 123392K, 71% used [0x0000000080000000,0x00000000856a9a40,0x0000000087880000)
 Metaspace       used 115780K, capacity 121094K, committed 121304K, reserved 1155072K
  class space    used 14718K, capacity 15702K, committed 15872K, reserved 1048576K
Event: 2663.067 GC heap after
Heap after GC invocations=32 (full 5):
 PSYoungGen      total 515584K, used 9082K [0x00000000d5580000, 0x0000000100000000, 0x0000000100000000)
  eden space 483840K, 0% used [0x00000000d5580000,0x00000000d5580000,0x00000000f2e00000)
  from space 31744K, 28% used [0x00000000f2e00000,0x00000000f36de820,0x00000000f4d00000)
  to   space 47616K, 0% used [0x00000000fd180000,0x00000000fd180000,0x0000000100000000)
 ParOldGen       total 123392K, used 116044K [0x0000000080000000, 0x0000000087880000, 0x00000000d5580000)
  object space 123392K, 94% used [0x0000000080000000,0x0000000087153008,0x0000000087880000)
 Metaspace       used 115780K, capacity 121094K, committed 121304K, reserved 1155072K
  class space    used 14718K, capacity 15702K, committed 15872K, reserved 1048576K
}
Event: 2663.070 GC heap before
{Heap before GC invocations=33 (full 6):
 PSYoungGen      total 515584K, used 9082K [0x00000000d5580000, 0x0000000100000000, 0x0000000100000000)
  eden space 483840K, 0% used [0x00000000d5580000,0x00000000d5580000,0x00000000f2e00000)
  from space 31744K, 28% used [0x00000000f2e00000,0x00000000f36de820,0x00000000f4d00000)
  to   space 47616K, 0% used [0x00000000fd180000,0x00000000fd180000,0x0000000100000000)
 ParOldGen       total 123392K, used 116044K [0x0000000080000000, 0x0000000087880000, 0x00000000d5580000)
  object space 123392K, 94% used [0x0000000080000000,0x0000000087153008,0x0000000087880000)
 Metaspace       used 115780K, capacity 121094K, committed 121304K, reserved 1155072K
  class space    used 14718K, capacity 15702K, committed 15872K, reserved 1048576K
Event: 2673.661 GC heap after
Heap after GC invocations=33 (full 6):
 PSYoungGen      total 515584K, used 0K [0x00000000d5580000, 0x0000000100000000, 0x0000000100000000)
  eden space 483840K, 0% used [0x00000000d5580000,0x00000000d5580000,0x00000000f2e00000)
  from space 31744K, 0% used [0x00000000f2e00000,0x00000000f2e00000,0x00000000f4d00000)
  to   space 47616K, 0% used [0x00000000fd180000,0x00000000fd180000,0x0000000100000000)
 ParOldGen       total 123392K, used 107316K [0x0000000080000000, 0x0000000087880000, 0x00000000d5580000)
  object space 123392K, 86% used [0x0000000080000000,0x00000000868cd1d0,0x0000000087880000)
 Metaspace       used 115669K, capacity 120780K, committed 121304K, reserved 1155072K
  class space    used 14680K, capacity 15635K, committed 15872K, reserved 1048576K
}
Event: 2696.471 GC heap before
{Heap before GC invocations=34 (full 7):
 PSYoungGen      total 515584K, used 483840K [0x00000000d5580000, 0x0000000100000000, 0x0000000100000000)
  eden space 483840K, 100% used [0x00000000d5580000,0x00000000f2e00000,0x00000000f2e00000)
  from space 31744K, 0% used [0x00000000f2e00000,0x00000000f2e00000,0x00000000f4d00000)
  to   space 47616K, 0% used [0x00000000fd180000,0x00000000fd180000,0x0000000100000000)
 ParOldGen       total 123392K, used 107316K [0x0000000080000000, 0x0000000087880000, 0x00000000d5580000)
  object space 123392K, 86% used [0x0000000080000000,0x00000000868cd1d0,0x0000000087880000)
 Metaspace       used 115742K, capacity 120860K, committed 121560K, reserved 1155072K
  class space    used 14681K, capacity 15635K, committed 15872K, reserved 1048576K
Event: 2703.099 GC heap after
Heap after GC invocations=34 (full 7):
 PSYoungGen      total 515584K, used 0K [0x00000000d5580000, 0x0000000100000000, 0x0000000100000000)
  eden space 483840K, 0% used [0x00000000d5580000,0x00000000d5580000,0x00000000f2e00000)
  from space 31744K, 0% used [0x00000000f2e00000,0x00000000f2e00000,0x00000000f4d00000)
  to   space 47616K, 0% used [0x00000000fd180000,0x00000000fd180000,0x0000000100000000)
 ParOldGen       total 123392K, used 108468K [0x0000000080000000, 0x0000000087880000, 0x00000000d5580000)
  object space 123392K, 87% used [0x0000000080000000,0x00000000869ed050,0x0000000087880000)
 Metaspace       used 115742K, capacity 120860K, committed 121560K, reserved 1155072K
  class space    used 14681K, capacity 15635K, committed 15872K, reserved 1048576K
}
Event: 2715.509 GC heap before
{Heap before GC invocations=35 (full 8):
 PSYoungGen      total 515584K, used 483840K [0x00000000d5580000, 0x0000000100000000, 0x0000000100000000)
  eden space 483840K, 100% used [0x00000000d5580000,0x00000000f2e00000,0x00000000f2e00000)
  from space 31744K, 0% used [0x00000000f2e00000,0x00000000f2e00000,0x00000000f4d00000)
  to   space 47616K, 0% used [0x00000000fd180000,0x00000000fd180000,0x0000000100000000)
 ParOldGen       total 123392K, used 108468K [0x0000000080000000, 0x0000000087880000, 0x00000000d5580000)
  object space 123392K, 87% used [0x0000000080000000,0x00000000869ed050,0x0000000087880000)
 Metaspace       used 115879K, capacity 120958K, committed 121560K, reserved 1155072K
  class space    used 14688K, capacity 15642K, committed 15872K, reserved 1048576K
Event: 2722.332 GC heap after
Heap after GC invocations=35 (full 8):
 PSYoungGen      total 515584K, used 0K [0x00000000d5580000, 0x0000000100000000, 0x0000000100000000)
  eden space 483840K, 0% used [0x00000000d5580000,0x00000000d5580000,0x00000000f2e00000)
  from space 31744K, 0% used [0x00000000f2e00000,0x00000000f2e00000,0x00000000f4d00000)
  to   space 47616K, 0% used [0x00000000fd180000,0x00000000fd180000,0x0000000100000000)
 ParOldGen       total 123392K, used 106396K [0x0000000080000000, 0x0000000087880000, 0x00000000d5580000)
  object space 123392K, 86% used [0x0000000080000000,0x00000000867e7058,0x0000000087880000)
 Metaspace       used 115879K, capacity 120958K, committed 121560K, reserved 1155072K
  class space    used 14688K, capacity 15642K, committed 15872K, reserved 1048576K
}
Event: 2734.894 GC heap before
{Heap before GC invocations=36 (full 9):
 PSYoungGen      total 515584K, used 483840K [0x00000000d5580000, 0x0000000100000000, 0x0000000100000000)
  eden space 483840K, 100% used [0x00000000d5580000,0x00000000f2e00000,0x00000000f2e00000)
  from space 31744K, 0% used [0x00000000f2e00000,0x00000000f2e00000,0x00000000f4d00000)
  to   space 47616K, 0% used [0x00000000fd180000,0x00000000fd180000,0x0000000100000000)
 ParOldGen       total 123392K, used 106396K [0x0000000080000000, 0x0000000087880000, 0x00000000d5580000)
  object space 123392K, 86% used [0x0000000080000000,0x00000000867e7058,0x0000000087880000)
 Metaspace       used 115941K, capacity 121034K, committed 121560K, reserved 1155072K
  class space    used 14691K, capacity 15642K, committed 15872K, reserved 1048576K
Event: 2741.513 GC heap after
Heap after GC invocations=36 (full 9):
 PSYoungGen      total 515584K, used 0K [0x00000000d5580000, 0x0000000100000000, 0x0000000100000000)
  eden space 483840K, 0% used [0x00000000d5580000,0x00000000d5580000,0x00000000f2e00000)
  from space 31744K, 0% used [0x00000000f2e00000,0x00000000f2e00000,0x00000000f4d00000)
  to   space 47616K, 0% used [0x00000000fd180000,0x00000000fd180000,0x0000000100000000)
 ParOldGen       total 208896K, used 95065K [0x0000000080000000, 0x000000008cc00000, 0x00000000d5580000)
  object space 208896K, 45% used [0x0000000080000000,0x0000000085cd6628,0x000000008cc00000)
 Metaspace       used 115941K, capacity 121034K, committed 121560K, reserved 1155072K
  class space    used 14691K, capacity 15642K, committed 15872K, reserved 1048576K
}

